<?xml version="1.0" encoding="UTF-8"?>
<testng-results ignored="0" total="1" passed="1" failed="0" skipped="0">
  <reporter-output>
  </reporter-output>
  <suite started-at="2023-10-24T07:21:02 EET" name="Default suite" finished-at="2023-10-24T07:21:07 EET" duration-ms="5383">
    <groups>
    </groups>
    <test started-at="2023-10-24T07:21:02 EET" name="Default test" finished-at="2023-10-24T07:21:07 EET" duration-ms="5383">
      <class name="project_2.project2">
        <test-method is-config="true" signature="mySetup()[pri:0, instance:project_2.project2@75e01201]" started-at="2023-10-24T07:21:02 EET" name="mySetup" finished-at="2023-10-24T07:21:07 EET" duration-ms="5309" status="PASS">
          <reporter-output>
          </reporter-output>
        </test-method> <!-- mySetup -->
        <test-method signature="myTest()[pri:0, instance:project_2.project2@75e01201]" started-at="2023-10-24T07:21:07 EET" name="myTest" finished-at="2023-10-24T07:21:07 EET" duration-ms="7" status="PASS">
          <reporter-output>
          </reporter-output>
        </test-method> <!-- myTest -->
        <test-method is-config="true" signature="myAfterTest()[pri:0, instance:project_2.project2@75e01201]" started-at="2023-10-24T07:21:07 EET" name="myAfterTest" finished-at="2023-10-24T07:21:07 EET" duration-ms="1" status="PASS">
          <reporter-output>
          </reporter-output>
        </test-method> <!-- myAfterTest -->
      </class> <!-- project_2.project2 -->
    </test> <!-- Default test -->
  </suite> <!-- Default suite -->
</testng-results>
